[02:51:46] [main/INFO] ========================================
[02:51:46] [main/INFO] Minecraft: 1.19.4
[02:51:46] [main/INFO] Side: server
[02:51:46] [main/INFO] Development: false
[02:51:46] [main/INFO] Version: 11.1.769
[02:51:46] [main/INFO] Loader:
[02:51:46] [main/INFO] - Fabric: 0.16.10
[02:51:46] [main/INFO] - Fabric API: 0.87.2+1.19.4
[02:51:46] [main/INFO] Dependencies:
[02:51:46] [main/INFO] - Cloth Config: 10.1.135
[02:51:46] [main/INFO] - Architectury: 8.2.91
[02:51:46] [main/INFO] Mixin: 0.8.7
[02:51:46] [main/INFO] OS: Linux 6.8.0-1021-azure (amd64)
[02:51:46] [main/INFO] Java: 17.0.14 (Ubuntu)
[02:51:46] [main/INFO] ========================================
[02:51:46] [main/INFO] Mods:
[02:51:46] [main/INFO] - architectury: 8.2.91
[02:51:46] [main/INFO] - balm-fabric: 6.0.2
[02:51:46] [main/INFO] - biolith: 0.0.1-alpha.4
[02:51:46] [main/INFO] - cloth-basic-math: 0.6.1
[02:51:46] [main/INFO] - cloth-config: 10.1.135
[02:51:46] [main/INFO] - cloth-config: 10.1.135
[02:51:46] [main/INFO] - com_electronwill_night-config_core: 3.6.4
[02:51:46] [main/INFO] - com_electronwill_night-config_toml: 3.6.4
[02:51:46] [main/INFO] - error_notifier: 1.0.9
[02:51:46] [main/INFO] - fabric-api: 0.87.2+1.19.4
[02:51:46] [main/INFO] - fabric-api: 0.87.2+1.19.4
[02:51:46] [main/INFO] - fabric-api-base: 0.4.28+737a6ee8f4
[02:51:46] [main/INFO] - fabric-api-lookup-api-v1: 1.6.29+504944c8f4
[02:51:46] [main/INFO] - fabric-biome-api-v1: 13.0.10+6b242079f4
[02:51:46] [main/INFO] - fabric-block-api-v1: 1.0.8+e022e5d1f4
[02:51:46] [main/INFO] - fabric-command-api-v1: 1.2.31+f71b366ff4
[02:51:46] [main/INFO] - fabric-command-api-v2: 2.2.10+10ce000ff4
[02:51:46] [main/INFO] - fabric-commands-v0: 0.2.48+df3654b3f4
[02:51:46] [main/INFO] - fabric-containers-v0: 0.1.59+df3654b3f4
[02:51:46] [main/INFO] - fabric-content-registries-v0: 3.5.14+10ce000ff4
[02:51:46] [main/INFO] - fabric-convention-tags-v1: 1.5.3+6d727b51f4
[02:51:46] [main/INFO] - fabric-crash-report-info-v1: 0.2.17+aeb40ebef4
[02:51:46] [main/INFO] - fabric-data-generation-api-v1: 11.5.2+26f09d40f4
[02:51:46] [main/INFO] - fabric-dimensions-v1: 2.1.50+44c9c860f4
[02:51:46] [main/INFO] - fabric-entity-events-v1: 1.5.17+10ce000ff4
[02:51:46] [main/INFO] - fabric-events-interaction-v0: 0.6.1+4b6b93f0f4
[02:51:46] [main/INFO] - fabric-events-lifecycle-v0: 0.2.56+df3654b3f4
[02:51:46] [main/INFO] - fabric-game-rule-api-v1: 1.0.36+3f657af2f4
[02:51:46] [main/INFO] - fabric-item-api-v1: 2.1.21+10ce000ff4
[02:51:46] [main/INFO] - fabric-item-group-api-v1: 3.0.10+8400c67ef4
[02:51:46] [main/INFO] - fabric-lifecycle-events-v1: 2.2.19+10ce000ff4
[02:51:46] [main/INFO] - fabric-loot-api-v2: 1.1.32+10ce000ff4
[02:51:46] [main/INFO] - fabric-loot-tables-v1: 1.1.36+9e7660c6f4
[02:51:46] [main/INFO] - fabric-message-api-v1: 5.1.5+53c11dadf4
[02:51:46] [main/INFO] - fabric-mining-level-api-v1: 2.1.44+10ce000ff4
[02:51:46] [main/INFO] - fabric-networking-api-v1: 1.3.6+ae9c4c6af4
[02:51:46] [main/INFO] - fabric-networking-v0: 0.3.46+df3654b3f4
[02:51:46] [main/INFO] - fabric-object-builder-api-v1: 7.1.1+d63b52eaf4
[02:51:46] [main/INFO] - fabric-particles-v1: 1.1.1+86d48884f4
[02:51:46] [main/INFO] - fabric-recipe-api-v1: 1.0.13+10ce000ff4
[02:51:46] [main/INFO] - fabric-registry-sync-v0: 2.3.2+95ae8716f4
[02:51:46] [main/INFO] - fabric-rendering-data-attachment-v1: 0.3.32+10ce000ff4
[02:51:46] [main/INFO] - fabric-rendering-fluids-v1: 3.0.25+10ce000ff4
[02:51:46] [main/INFO] - fabric-resource-conditions-api-v1: 2.3.3+10ce000ff4
[02:51:46] [main/INFO] - fabric-resource-loader-v0: 0.11.7+8400c67ef4
[02:51:46] [main/INFO] - fabric-screen-handler-api-v1: 1.3.25+10ce000ff4
[02:51:46] [main/INFO] - fabric-transfer-api-v1: 3.3.1+602c17c7f4
[02:51:46] [main/INFO] - fabric-transitive-access-wideners-v1: 3.3.0+1b5f819af4
[02:51:46] [main/INFO] - fabricloader: 0.16.10
[02:51:46] [main/INFO] - java: 17
[02:51:46] [main/INFO] - minecraft: 1.19.4
[02:51:46] [main/INFO] - mixinextras: 0.4.1
[02:51:46] [main/INFO] - roughlyenoughitems: 11.1.769
[02:51:46] [main/INFO] - terrablender: 2.3.0.22
[02:51:46] [main/INFO] - terraform-biome-remapper-api-v1: 6.1.3
[02:51:46] [main/INFO] - terraform-config-api-v1: 6.1.3
[02:51:46] [main/INFO] - terraform-dirt-api-v1: 6.1.3
[02:51:46] [main/INFO] - terraform-shapes-api-v1: 6.1.3
[02:51:46] [main/INFO] - terraform-surfaces-api-v1: 6.1.3
[02:51:46] [main/INFO] - terraform-tree-api-v1: 6.1.3
[02:51:46] [main/INFO] - terraform-wood-api-v1: 6.1.3
[02:51:46] [main/INFO] - terrestria: 5.2.7
[02:51:46] [main/INFO] - terrestria-common: 5.2.7
[02:51:46] [main/INFO] - terrestria-worldgen: 5.2.7
[02:51:46] [main/INFO] ========================================
[02:51:46] [main/INFO] [REI] Registered plugin provider DefaultPlugin [roughlyenoughitems] for REIPlugin
[02:51:46] [main/INFO] [REI] Registered plugin provider DefaultRuntimePlugin [roughlyenoughitems] for REIPlugin
[02:51:46] [main/INFO] [REI] Registered plugin provider DefaultPlugin [roughlyenoughitems] for REIServerPlugin
[02:51:46] [main/INFO] [REI] Registered plugin provider DefaultRuntimePlugin [roughlyenoughitems] for REIServerPlugin
[02:51:46] [main/INFO] [REI] Registered plugin provider FabricFluidAPISupportPlugin for REIServerPlugin
[02:51:46] [main/INFO] [REI] Registered plugin provider FabricFluidAPISupportPlugin for REIPlugin
[02:51:48] [Worker-Main-1/DEBUG] [REI] Processed 7 tags in 50.15 μs for minecraft:banner_pattern
[02:51:48] [Worker-Main-3/DEBUG] [REI] Processed 5 tags in 439.0 μs for minecraft:enchantment
[02:51:48] [Worker-Main-3/DEBUG] [REI] Processed 0 tags in 10.78 μs for minecraft:worldgen/structure
[02:51:48] [Worker-Main-3/DEBUG] [REI] Processed 3 tags in 29.95 μs for minecraft:point_of_interest_type
[02:51:48] [Worker-Main-3/DEBUG] [REI] Processed 0 tags in 21.46 μs for minecraft:damage_type
[02:51:48] [Worker-Main-3/DEBUG] [REI] Processed 0 tags in 6.772 μs for minecraft:worldgen/flat_level_generator_preset
[02:51:48] [Worker-Main-3/DEBUG] [REI] Processed 0 tags in 6.452 μs for minecraft:worldgen/world_preset
[02:51:48] [Worker-Main-3/DEBUG] [REI] Processed 5 tags in 98.50 μs for minecraft:game_event
[02:51:48] [Worker-Main-3/DEBUG] [REI] Processed 2 tags in 25.86 μs for minecraft:cat_variant
[02:51:48] [Worker-Main-3/DEBUG] [REI] Processed 0 tags in 4.718 μs for minecraft:dimension_type
[02:51:48] [Worker-Main-3/DEBUG] [REI] Processed 1 tags in 31.53 μs for minecraft:painting_variant
[02:51:48] [Worker-Main-3/DEBUG] [REI] Processed 16 tags in 110.3 μs for minecraft:entity_type
[02:51:48] [Worker-Main-3/DEBUG] [REI] Processed 4 tags in 21.09 μs for minecraft:fluid
[02:51:48] [Worker-Main-2/DEBUG] [REI] Processed 209 tags in 1.662 ms for minecraft:item
[02:51:48] [Worker-Main-2/DEBUG] [REI] Processed 3 tags in 28.38 μs for minecraft:instrument
[02:51:48] [Worker-Main-1/DEBUG] [REI] Processed 198 tags in 3.170 ms for minecraft:block
[02:51:48] [Worker-Main-3/DEBUG] [REI] Processed 0 tags in 795.5 μs for minecraft:worldgen/biome
[02:51:49] [main/DEBUG] [REI] Starting Reload Plugins of stage null
java.lang.Throwable
	at knot//me.shedaniel.rei.impl.common.plugins.ReloadManagerImpl.reloadPlugins(ReloadManagerImpl.java:110)
	at knot//me.shedaniel.rei.RoughlyEnoughItemsCore.lambda$onInitialize$5(RoughlyEnoughItemsCore.java:163)
	at java.base/java.util.concurrent.CompletableFuture$UniRun.tryFire(CompletableFuture.java:787)
	at java.base/java.util.concurrent.CompletableFuture$Completion.run(CompletableFuture.java:482)
	at knot//net.minecraft.class_4014.method_18365(class_4014.java:69)
	at knot//net.minecraft.class_156.method_43498(class_156.java:933)
	at knot//net.minecraft.class_156.method_43499(class_156.java:921)
	at knot//net.minecraft.server.Main.main(Main.java:160)
	at net.fabricmc.loader.impl.game.minecraft.MinecraftGameProvider.launch(MinecraftGameProvider.java:480)
	at net.fabricmc.loader.impl.launch.knot.Knot.launch(Knot.java:74)
	at net.fabricmc.loader.impl.launch.knot.KnotServer.main(KnotServer.java:23)
	at net.fabricmc.loader.impl.launch.server.FabricServerLauncher.main(FabricServerLauncher.java:69)
	at net.fabricmc.installer.ServerLauncher.main(ServerLauncher.java:69)
[02:51:49] [main/DEBUG] [REI] ========================================
[02:51:49] [main/DEBUG] [REI] REIPlugin starting pre-reload for START.
[02:51:49] [main/DEBUG] [REI] Reloadables (7):
[02:51:49] [main/DEBUG] [REI]  - EntryTypeRegistryImpl
[02:51:49] [main/DEBUG] [REI]  - EntrySettingsAdapterRegistryImpl
[02:51:49] [main/DEBUG] [REI]  - RecipeManagerContextImpl
[02:51:49] [main/DEBUG] [REI]  - ItemComparatorRegistryImpl
[02:51:49] [main/DEBUG] [REI]  - FluidComparatorRegistryImpl
[02:51:49] [main/DEBUG] [REI]  - DisplaySerializerRegistryImpl
[02:51:49] [main/DEBUG] [REI]  - FluidSupportProviderImpl
[02:51:49] [main/DEBUG] [REI] Plugins (3):
[02:51:49] [main/DEBUG] [REI]  - (-100.00) DefaultPlugin of DefaultPlugin [roughlyenoughitems]
[02:51:49] [main/DEBUG] [REI]  - (0.00) FabricFluidAPISupportPlugin
[02:51:49] [main/DEBUG] [REI]  - (0.00) DefaultRuntimePlugin of DefaultRuntimePlugin [roughlyenoughitems]
[02:51:49] [main/DEBUG] [REI] ========================================
[02:51:49] [main/TRACE] [REI] [REIPlugin START] Reloading Section: "pre-register/"
[02:51:49] [main/TRACE] [REI] [REIPlugin START] Reloading Section: "pre-register/DefaultPlugin of DefaultPlugin [roughlyenoughitems]/"
[02:51:49] [main/TRACE] [REI] [REIPlugin START] Reloading Section: "pre-register/DefaultPlugin of DefaultPlugin [roughlyenoughitems]/" done in 1.077 ms
[02:51:49] [main/TRACE] [REI] [REIPlugin START] Reloading Section: "pre-register/FabricFluidAPISupportPlugin/"
[02:51:49] [main/TRACE] [REI] [REIPlugin START] Reloading Section: "pre-register/FabricFluidAPISupportPlugin/" done in 146.5 μs
[02:51:49] [main/TRACE] [REI] [REIPlugin START] Reloading Section: "pre-register/DefaultRuntimePlugin of DefaultRuntimePlugin [roughlyenoughitems]/"
[02:51:49] [main/TRACE] [REI] [REIPlugin START] Reloading Section: "pre-register/DefaultRuntimePlugin of DefaultRuntimePlugin [roughlyenoughitems]/" done in 177.5 μs
[02:51:49] [main/TRACE] [REI] [REIPlugin START] Reloading Section: "pre-register/" done in 12.02 ms
[02:51:49] [main/TRACE] [REI] [REIPlugin START] Reloading Section: "pre-stage/"
[02:51:49] [main/TRACE] [REI] [REIPlugin START] Reloading Section: "pre-stage/EntryTypeRegistryImpl/"
[02:51:49] [main/TRACE] [REI] [REIPlugin START] Reloading Section: "pre-stage/EntryTypeRegistryImpl/" done in 397.7 μs
[02:51:49] [main/TRACE] [REI] [REIPlugin START] Reloading Section: "pre-stage/EntrySettingsAdapterRegistryImpl/"
[02:51:49] [main/TRACE] [REI] [REIPlugin START] Reloading Section: "pre-stage/EntrySettingsAdapterRegistryImpl/" done in 146.0 μs
[02:51:49] [main/TRACE] [REI] [REIPlugin START] Reloading Section: "pre-stage/RecipeManagerContextImpl/"
[02:51:49] [main/TRACE] [REI] [REIPlugin START] Reloading Section: "pre-stage/RecipeManagerContextImpl/" done in 138.8 μs
[02:51:49] [main/TRACE] [REI] [REIPlugin START] Reloading Section: "pre-stage/ItemComparatorRegistryImpl/"
[02:51:49] [main/TRACE] [REI] [REIPlugin START] Reloading Section: "pre-stage/ItemComparatorRegistryImpl/" done in 143.1 μs
[02:51:49] [main/TRACE] [REI] [REIPlugin START] Reloading Section: "pre-stage/FluidComparatorRegistryImpl/"
[02:51:49] [main/TRACE] [REI] [REIPlugin START] Reloading Section: "pre-stage/FluidComparatorRegistryImpl/" done in 105.0 μs
[02:51:49] [main/TRACE] [REI] [REIPlugin START] Reloading Section: "pre-stage/DisplaySerializerRegistryImpl/"
[02:51:49] [main/TRACE] [REI] [REIPlugin START] Reloading Section: "pre-stage/DisplaySerializerRegistryImpl/" done in 137.6 μs
[02:51:49] [main/TRACE] [REI] [REIPlugin START] Reloading Section: "pre-stage/FluidSupportProviderImpl/"
[02:51:49] [main/TRACE] [REI] [REIPlugin START] Reloading Section: "pre-stage/FluidSupportProviderImpl/" done in 122.2 μs
[02:51:49] [main/TRACE] [REI] [REIPlugin START] Reloading Section: "pre-stage/" done in 3.268 ms
[02:51:49] [main/DEBUG] [REI] ========================================
[02:51:49] [main/DEBUG] [REI] REIPlugin finished pre-reload for START in 16.01 ms.
[02:51:49] [main/DEBUG] [REI] ========================================
[02:51:49] [main/DEBUG] [REI] ========================================
[02:51:49] [main/DEBUG] [REI] REIServerPlugin starting pre-reload for START.
[02:51:49] [main/DEBUG] [REI] Reloadables (2):
[02:51:49] [main/DEBUG] [REI]  - MenuInfoRegistryImpl
[02:51:49] [main/DEBUG] [REI]  - SlotAccessorRegistryImpl
[02:51:49] [main/DEBUG] [REI] Plugins (3):
[02:51:49] [main/DEBUG] [REI]  - (-100.00) DefaultPlugin of DefaultPlugin [roughlyenoughitems]
[02:51:49] [main/DEBUG] [REI]  - (0.00) FabricFluidAPISupportPlugin
[02:51:49] [main/DEBUG] [REI]  - (0.00) DefaultRuntimePlugin of DefaultRuntimePlugin [roughlyenoughitems]
[02:51:49] [main/DEBUG] [REI] ========================================
[02:51:49] [main/TRACE] [REI] [REIServerPlugin START] Reloading Section: "pre-register/"
[02:51:49] [main/TRACE] [REI] [REIServerPlugin START] Reloading Section: "pre-register/DefaultPlugin of DefaultPlugin [roughlyenoughitems]/"
[02:51:49] [main/TRACE] [REI] [REIServerPlugin START] Reloading Section: "pre-register/DefaultPlugin of DefaultPlugin [roughlyenoughitems]/" done in 49.92 μs
[02:51:49] [main/TRACE] [REI] [REIServerPlugin START] Reloading Section: "pre-register/FabricFluidAPISupportPlugin/"
[02:51:49] [main/TRACE] [REI] [REIServerPlugin START] Reloading Section: "pre-register/FabricFluidAPISupportPlugin/" done in 49.97 μs
[02:51:49] [main/TRACE] [REI] [REIServerPlugin START] Reloading Section: "pre-register/DefaultRuntimePlugin of DefaultRuntimePlugin [roughlyenoughitems]/"
[02:51:49] [main/TRACE] [REI] [REIServerPlugin START] Reloading Section: "pre-register/DefaultRuntimePlugin of DefaultRuntimePlugin [roughlyenoughitems]/" done in 48.62 μs
[02:51:49] [main/TRACE] [REI] [REIServerPlugin START] Reloading Section: "pre-register/" done in 731.7 μs
[02:51:49] [main/TRACE] [REI] [REIServerPlugin START] Reloading Section: "pre-stage/"
[02:51:49] [main/TRACE] [REI] [REIServerPlugin START] Reloading Section: "pre-stage/MenuInfoRegistryImpl/"
[02:51:49] [main/TRACE] [REI] [REIServerPlugin START] Reloading Section: "pre-stage/MenuInfoRegistryImpl/" done in 41.07 μs
[02:51:49] [main/TRACE] [REI] [REIServerPlugin START] Reloading Section: "pre-stage/SlotAccessorRegistryImpl/"
[02:51:49] [main/TRACE] [REI] [REIServerPlugin START] Reloading Section: "pre-stage/SlotAccessorRegistryImpl/" done in 49.84 μs
[02:51:49] [main/TRACE] [REI] [REIServerPlugin START] Reloading Section: "pre-stage/" done in 449.2 μs
[02:51:49] [main/DEBUG] [REI] ========================================
[02:51:49] [main/DEBUG] [REI] REIServerPlugin finished pre-reload for START in 1.468 ms.
[02:51:49] [main/DEBUG] [REI] ========================================
[02:51:49] [main/INFO] [REI] %%%%%%%%%%%%%%%%%%%%%%%%%%%%%%%%%%%%%%%%
[02:51:49] [main/INFO] [REI] REIPlugin starting main-reload for START.
[02:51:49] [main/DEBUG] [REI] Reloadables (7):
[02:51:49] [main/DEBUG] [REI]  - EntryTypeRegistryImpl
[02:51:49] [main/DEBUG] [REI]  - EntrySettingsAdapterRegistryImpl
[02:51:49] [main/DEBUG] [REI]  - RecipeManagerContextImpl
[02:51:49] [main/DEBUG] [REI]  - ItemComparatorRegistryImpl
[02:51:49] [main/DEBUG] [REI]  - FluidComparatorRegistryImpl
[02:51:49] [main/DEBUG] [REI]  - DisplaySerializerRegistryImpl
[02:51:49] [main/DEBUG] [REI]  - FluidSupportProviderImpl
[02:51:49] [main/INFO] [REI] Plugins (3):
[02:51:49] [main/INFO] [REI]  - (-100.00) DefaultPlugin of DefaultPlugin [roughlyenoughitems]
[02:51:49] [main/INFO] [REI]  - (0.00) FabricFluidAPISupportPlugin
[02:51:49] [main/INFO] [REI]  - (0.00) DefaultRuntimePlugin of DefaultRuntimePlugin [roughlyenoughitems]
[02:51:49] [main/INFO] [REI] %%%%%%%%%%%%%%%%%%%%%%%%%%%%%%%%%%%%%%%%
[02:51:49] [main/TRACE] [REI] [REIPlugin START] Reloading Section: "start-reload/"
[02:51:49] [main/TRACE] [REI] [REIPlugin START] Reloading Section: "start-reload/EntryTypeRegistryImpl/"
[02:51:49] [main/TRACE] [REI] [REIPlugin START] Reloading Section: "start-reload/EntryTypeRegistryImpl/" done in 98.57 μs
[02:51:49] [main/TRACE] [REI] [REIPlugin START] Reloading Section: "start-reload/EntrySettingsAdapterRegistryImpl/"
[02:51:49] [main/TRACE] [REI] [REIPlugin START] Reloading Section: "start-reload/EntrySettingsAdapterRegistryImpl/" done in 62.76 μs
[02:51:49] [main/TRACE] [REI] [REIPlugin START] Reloading Section: "start-reload/RecipeManagerContextImpl/"
[02:51:49] [main/TRACE] [REI] [REIPlugin START] Reloading Section: "start-reload/RecipeManagerContextImpl/" done in 57.10 μs
[02:51:49] [main/TRACE] [REI] [REIPlugin START] Reloading Section: "start-reload/ItemComparatorRegistryImpl/"
[02:51:49] [main/TRACE] [REI] [REIPlugin START] Reloading Section: "start-reload/ItemComparatorRegistryImpl/" done in 76.47 μs
[02:51:49] [main/TRACE] [REI] [REIPlugin START] Reloading Section: "start-reload/FluidComparatorRegistryImpl/"
[02:51:49] [main/TRACE] [REI] [REIPlugin START] Reloading Section: "start-reload/FluidComparatorRegistryImpl/" done in 63.02 μs
[02:51:49] [main/TRACE] [REI] [REIPlugin START] Reloading Section: "start-reload/DisplaySerializerRegistryImpl/"
[02:51:49] [main/TRACE] [REI] [REIPlugin START] Reloading Section: "start-reload/DisplaySerializerRegistryImpl/" done in 54.81 μs
[02:51:49] [main/TRACE] [REI] [REIPlugin START] Reloading Section: "start-reload/FluidSupportProviderImpl/"
[02:51:49] [main/TRACE] [REI] [REIPlugin START] Reloading Section: "start-reload/FluidSupportProviderImpl/" done in 106.2 μs
[02:51:49] [main/TRACE] [REI] [REIPlugin START] Reloading Section: "start-reload/" done in 1.778 ms
[02:51:49] [main/DEBUG] [REI] ========================================
[02:51:49] [main/DEBUG] [REI] REIPlugin started main-reload for START.
[02:51:49] [main/DEBUG] [REI] ========================================
[02:51:49] [main/TRACE] [REI] [REIPlugin START] Reloading Section: "reloadable-plugin/EntryTypeRegistryImpl/"
[02:51:49] [main/TRACE] [REI] [REIPlugin START] Reloading Section: "reloadable-plugin/EntryTypeRegistryImpl/DefaultPlugin of DefaultPlugin [roughlyenoughitems]/"
[02:51:49] [main/TRACE] [REI] [REIPlugin START] Reloading Section: "reloadable-plugin/EntryTypeRegistryImpl/DefaultPlugin of DefaultPlugin [roughlyenoughitems]/" done in 320.2 μs
[02:51:49] [main/TRACE] [REI] [REIPlugin START] Reloading Section: "reloadable-plugin/EntryTypeRegistryImpl/FabricFluidAPISupportPlugin/"
[02:51:49] [main/TRACE] [REI] [REIPlugin START] Reloading Section: "reloadable-plugin/EntryTypeRegistryImpl/FabricFluidAPISupportPlugin/" done in 84.30 μs
[02:51:49] [main/TRACE] [REI] [REIPlugin START] Reloading Section: "reloadable-plugin/EntryTypeRegistryImpl/DefaultRuntimePlugin of DefaultRuntimePlugin [roughlyenoughitems]/"
[02:51:49] [main/TRACE] [REI] [REIPlugin START] Reloading Section: "reloadable-plugin/EntryTypeRegistryImpl/DefaultRuntimePlugin of DefaultRuntimePlugin [roughlyenoughitems]/" done in 7.181 ms
[02:51:49] [main/TRACE] [REI] [REIPlugin START] Reloading Section: "reloadable-plugin/EntryTypeRegistryImpl/" done in 8.683 ms
[02:51:49] [main/TRACE] [REI] [REIPlugin START] Reloading Section: "reloadable-plugin/EntrySettingsAdapterRegistryImpl/"
[02:51:49] [main/TRACE] [REI] [REIPlugin START] Reloading Section: "reloadable-plugin/EntrySettingsAdapterRegistryImpl/DefaultPlugin of DefaultPlugin [roughlyenoughitems]/"
[02:51:49] [main/TRACE] [REI] [REIPlugin START] Reloading Section: "reloadable-plugin/EntrySettingsAdapterRegistryImpl/DefaultPlugin of DefaultPlugin [roughlyenoughitems]/" done in 123.5 μs
[02:51:49] [main/TRACE] [REI] [REIPlugin START] Reloading Section: "reloadable-plugin/EntrySettingsAdapterRegistryImpl/FabricFluidAPISupportPlugin/"
[02:51:49] [main/TRACE] [REI] [REIPlugin START] Reloading Section: "reloadable-plugin/EntrySettingsAdapterRegistryImpl/FabricFluidAPISupportPlugin/" done in 68.95 μs
[02:51:49] [main/TRACE] [REI] [REIPlugin START] Reloading Section: "reloadable-plugin/EntrySettingsAdapterRegistryImpl/DefaultRuntimePlugin of DefaultRuntimePlugin [roughlyenoughitems]/"
[02:51:49] [main/TRACE] [REI] [REIPlugin START] Reloading Section: "reloadable-plugin/EntrySettingsAdapterRegistryImpl/DefaultRuntimePlugin of DefaultRuntimePlugin [roughlyenoughitems]/" done in 79.84 μs
[02:51:49] [main/TRACE] [REI] [REIPlugin START] Reloading Section: "reloadable-plugin/EntrySettingsAdapterRegistryImpl/" done in 987.8 μs
[02:51:49] [main/TRACE] [REI] [REIPlugin START] Reloading Section: "reloadable-plugin/RecipeManagerContextImpl/"
[02:51:49] [main/TRACE] [REI] [REIPlugin START] Reloading Section: "reloadable-plugin/RecipeManagerContextImpl/DefaultPlugin of DefaultPlugin [roughlyenoughitems]/"
[02:51:49] [main/TRACE] [REI] [REIPlugin START] Reloading Section: "reloadable-plugin/RecipeManagerContextImpl/DefaultPlugin of DefaultPlugin [roughlyenoughitems]/" done in 73.24 μs
[02:51:49] [main/TRACE] [REI] [REIPlugin START] Reloading Section: "reloadable-plugin/RecipeManagerContextImpl/FabricFluidAPISupportPlugin/"
[02:51:49] [main/TRACE] [REI] [REIPlugin START] Reloading Section: "reloadable-plugin/RecipeManagerContextImpl/FabricFluidAPISupportPlugin/" done in 63.19 μs
[02:51:49] [main/TRACE] [REI] [REIPlugin START] Reloading Section: "reloadable-plugin/RecipeManagerContextImpl/DefaultRuntimePlugin of DefaultRuntimePlugin [roughlyenoughitems]/"
[02:51:49] [main/TRACE] [REI] [REIPlugin START] Reloading Section: "reloadable-plugin/RecipeManagerContextImpl/DefaultRuntimePlugin of DefaultRuntimePlugin [roughlyenoughitems]/" done in 64.59 μs
[02:51:49] [main/TRACE] [REI] [REIPlugin START] Reloading Section: "reloadable-plugin/RecipeManagerContextImpl/" done in 832.9 μs
[02:51:49] [main/TRACE] [REI] [REIPlugin START] Reloading Section: "reloadable-plugin/ItemComparatorRegistryImpl/"
[02:51:49] [main/TRACE] [REI] [REIPlugin START] Reloading Section: "reloadable-plugin/ItemComparatorRegistryImpl/DefaultPlugin of DefaultPlugin [roughlyenoughitems]/"
[02:51:49] [main/TRACE] [REI] [REIPlugin START] Reloading Section: "reloadable-plugin/ItemComparatorRegistryImpl/DefaultPlugin of DefaultPlugin [roughlyenoughitems]/" done in 985.0 μs
[02:51:49] [main/TRACE] [REI] [REIPlugin START] Reloading Section: "reloadable-plugin/ItemComparatorRegistryImpl/FabricFluidAPISupportPlugin/"
[02:51:49] [main/TRACE] [REI] [REIPlugin START] Reloading Section: "reloadable-plugin/ItemComparatorRegistryImpl/FabricFluidAPISupportPlugin/" done in 77.94 μs
[02:51:49] [main/TRACE] [REI] [REIPlugin START] Reloading Section: "reloadable-plugin/ItemComparatorRegistryImpl/DefaultRuntimePlugin of DefaultRuntimePlugin [roughlyenoughitems]/"
[02:51:49] [main/TRACE] [REI] [REIPlugin START] Reloading Section: "reloadable-plugin/ItemComparatorRegistryImpl/DefaultRuntimePlugin of DefaultRuntimePlugin [roughlyenoughitems]/" done in 102.3 μs
[02:51:49] [main/TRACE] [REI] [REIPlugin START] Reloading Section: "reloadable-plugin/ItemComparatorRegistryImpl/" done in 1.713 ms
[02:51:49] [main/TRACE] [REI] [REIPlugin START] Reloading Section: "reloadable-plugin/FluidComparatorRegistryImpl/"
[02:51:49] [main/TRACE] [REI] [REIPlugin START] Reloading Section: "reloadable-plugin/FluidComparatorRegistryImpl/DefaultPlugin of DefaultPlugin [roughlyenoughitems]/"
[02:51:49] [main/TRACE] [REI] [REIPlugin START] Reloading Section: "reloadable-plugin/FluidComparatorRegistryImpl/DefaultPlugin of DefaultPlugin [roughlyenoughitems]/" done in 71.52 μs
[02:51:49] [main/TRACE] [REI] [REIPlugin START] Reloading Section: "reloadable-plugin/FluidComparatorRegistryImpl/FabricFluidAPISupportPlugin/"
[02:51:49] [main/TRACE] [REI] [REIPlugin START] Reloading Section: "reloadable-plugin/FluidComparatorRegistryImpl/FabricFluidAPISupportPlugin/" done in 80.03 μs
[02:51:49] [main/TRACE] [REI] [REIPlugin START] Reloading Section: "reloadable-plugin/FluidComparatorRegistryImpl/DefaultRuntimePlugin of DefaultRuntimePlugin [roughlyenoughitems]/"
[02:51:49] [main/TRACE] [REI] [REIPlugin START] Reloading Section: "reloadable-plugin/FluidComparatorRegistryImpl/DefaultRuntimePlugin of DefaultRuntimePlugin [roughlyenoughitems]/" done in 65.34 μs
[02:51:49] [main/TRACE] [REI] [REIPlugin START] Reloading Section: "reloadable-plugin/FluidComparatorRegistryImpl/" done in 729.7 μs
[02:51:49] [main/TRACE] [REI] [REIPlugin START] Reloading Section: "reloadable-plugin/DisplaySerializerRegistryImpl/"
[02:51:49] [main/TRACE] [REI] [REIPlugin START] Reloading Section: "reloadable-plugin/DisplaySerializerRegistryImpl/DefaultPlugin of DefaultPlugin [roughlyenoughitems]/"
[02:51:49] [main/TRACE] [REI] [REIPlugin START] Reloading Section: "reloadable-plugin/DisplaySerializerRegistryImpl/DefaultPlugin of DefaultPlugin [roughlyenoughitems]/" done in 63.73 μs
[02:51:49] [main/TRACE] [REI] [REIPlugin START] Reloading Section: "reloadable-plugin/DisplaySerializerRegistryImpl/FabricFluidAPISupportPlugin/"
[02:51:49] [main/TRACE] [REI] [REIPlugin START] Reloading Section: "reloadable-plugin/DisplaySerializerRegistryImpl/FabricFluidAPISupportPlugin/" done in 79.22 μs
[02:51:49] [main/TRACE] [REI] [REIPlugin START] Reloading Section: "reloadable-plugin/DisplaySerializerRegistryImpl/DefaultRuntimePlugin of DefaultRuntimePlugin [roughlyenoughitems]/"
[02:51:49] [main/TRACE] [REI] [REIPlugin START] Reloading Section: "reloadable-plugin/DisplaySerializerRegistryImpl/DefaultRuntimePlugin of DefaultRuntimePlugin [roughlyenoughitems]/" done in 77.66 μs
[02:51:49] [main/TRACE] [REI] [REIPlugin START] Reloading Section: "reloadable-plugin/DisplaySerializerRegistryImpl/" done in 713.3 μs
[02:51:49] [main/TRACE] [REI] [REIPlugin START] Reloading Section: "reloadable-plugin/FluidSupportProviderImpl/"
[02:51:49] [main/TRACE] [REI] [REIPlugin START] Reloading Section: "reloadable-plugin/FluidSupportProviderImpl/DefaultPlugin of DefaultPlugin [roughlyenoughitems]/"
[02:51:49] [main/TRACE] [REI] [REIPlugin START] Reloading Section: "reloadable-plugin/FluidSupportProviderImpl/DefaultPlugin of DefaultPlugin [roughlyenoughitems]/" done in 388.9 μs
[02:51:49] [main/TRACE] [REI] [REIPlugin START] Reloading Section: "reloadable-plugin/FluidSupportProviderImpl/FabricFluidAPISupportPlugin/"
[02:51:49] [main/TRACE] [REI] [REIPlugin START] Reloading Section: "reloadable-plugin/FluidSupportProviderImpl/FabricFluidAPISupportPlugin/" done in 232.1 μs
[02:51:49] [main/TRACE] [REI] [REIPlugin START] Reloading Section: "reloadable-plugin/FluidSupportProviderImpl/DefaultRuntimePlugin of DefaultRuntimePlugin [roughlyenoughitems]/"
[02:51:49] [main/TRACE] [REI] [REIPlugin START] Reloading Section: "reloadable-plugin/FluidSupportProviderImpl/DefaultRuntimePlugin of DefaultRuntimePlugin [roughlyenoughitems]/" done in 61.16 μs
[02:51:49] [main/TRACE] [REI] [REIPlugin START] Reloading Section: "reloadable-plugin/FluidSupportProviderImpl/" done in 1.188 ms
[02:51:49] [main/DEBUG] [REI] ========================================
[02:51:49] [main/DEBUG] [REI] REIPlugin ending main-reload for START.
[02:51:49] [main/DEBUG] [REI] ========================================
[02:51:49] [main/TRACE] [REI] [REIPlugin START] Reloading Section: "end-reload/"
[02:51:49] [main/TRACE] [REI] [REIPlugin START] Reloading Section: "end-reload/EntryTypeRegistryImpl/"
[02:51:49] [main/TRACE] [REI] [REIPlugin START] Reloading Section: "end-reload/EntryTypeRegistryImpl/" done in 75.62 μs
[02:51:49] [main/TRACE] [REI] [REIPlugin START] Reloading Section: "end-reload/EntrySettingsAdapterRegistryImpl/"
[02:51:49] [main/TRACE] [REI] [REIPlugin START] Reloading Section: "end-reload/EntrySettingsAdapterRegistryImpl/" done in 58.75 μs
[02:51:49] [main/TRACE] [REI] [REIPlugin START] Reloading Section: "end-reload/RecipeManagerContextImpl/"
[02:51:49] [main/TRACE] [REI] [REIPlugin START] Reloading Section: "end-reload/RecipeManagerContextImpl/" done in 53.55 μs
[02:51:49] [main/TRACE] [REI] [REIPlugin START] Reloading Section: "end-reload/ItemComparatorRegistryImpl/"
[02:51:49] [main/TRACE] [REI] [REIPlugin START] Reloading Section: "end-reload/ItemComparatorRegistryImpl/" done in 50.50 μs
[02:51:49] [main/TRACE] [REI] [REIPlugin START] Reloading Section: "end-reload/FluidComparatorRegistryImpl/"
[02:51:49] [main/TRACE] [REI] [REIPlugin START] Reloading Section: "end-reload/FluidComparatorRegistryImpl/" done in 50.88 μs
[02:51:49] [main/TRACE] [REI] [REIPlugin START] Reloading Section: "end-reload/DisplaySerializerRegistryImpl/"
[02:51:49] [main/TRACE] [REI] [REIPlugin START] Reloading Section: "end-reload/DisplaySerializerRegistryImpl/" done in 49.67 μs
[02:51:49] [main/TRACE] [REI] [REIPlugin START] Reloading Section: "end-reload/FluidSupportProviderImpl/"
[02:51:49] [main/TRACE] [REI] [REIPlugin START] Reloading Section: "end-reload/FluidSupportProviderImpl/" done in 78.60 μs
[02:51:49] [main/TRACE] [REI] [REIPlugin START] Reloading Section: "end-reload/" done in 1.445 ms
[02:51:49] [main/DEBUG] [REI] ========================================
[02:51:49] [main/DEBUG] [REI] REIPlugin ended main-reload for START in 23.15 ms.
[02:51:49] [main/DEBUG] [REI] ========================================
[02:51:49] [main/INFO] [REI] ++++++++++++++++++++++++++++++++++++++++
[02:51:49] [main/INFO] [REI] REIServerPlugin starting main-reload for START.
[02:51:49] [main/DEBUG] [REI] Reloadables (2):
[02:51:49] [main/DEBUG] [REI]  - MenuInfoRegistryImpl
[02:51:49] [main/DEBUG] [REI]  - SlotAccessorRegistryImpl
[02:51:49] [main/INFO] [REI] Plugins (3):
[02:51:49] [main/INFO] [REI]  - (-100.00) DefaultPlugin of DefaultPlugin [roughlyenoughitems]
[02:51:49] [main/INFO] [REI]  - (0.00) FabricFluidAPISupportPlugin
[02:51:49] [main/INFO] [REI]  - (0.00) DefaultRuntimePlugin of DefaultRuntimePlugin [roughlyenoughitems]
[02:51:49] [main/INFO] [REI] ++++++++++++++++++++++++++++++++++++++++
[02:51:49] [main/TRACE] [REI] [REIServerPlugin START] Reloading Section: "start-reload/"
[02:51:49] [main/TRACE] [REI] [REIServerPlugin START] Reloading Section: "start-reload/MenuInfoRegistryImpl/"
[02:51:49] [main/TRACE] [REI] [REIServerPlugin START] Reloading Section: "start-reload/MenuInfoRegistryImpl/" done in 158.7 μs
[02:51:49] [main/TRACE] [REI] [REIServerPlugin START] Reloading Section: "start-reload/SlotAccessorRegistryImpl/"
[02:51:49] [main/TRACE] [REI] [REIServerPlugin START] Reloading Section: "start-reload/SlotAccessorRegistryImpl/" done in 114.7 μs
[02:51:49] [main/TRACE] [REI] [REIServerPlugin START] Reloading Section: "start-reload/" done in 1.056 ms
[02:51:49] [main/DEBUG] [REI] ========================================
[02:51:49] [main/DEBUG] [REI] REIServerPlugin started main-reload for START.
[02:51:49] [main/DEBUG] [REI] ========================================
[02:51:49] [main/TRACE] [REI] [REIServerPlugin START] Reloading Section: "reloadable-plugin/MenuInfoRegistryImpl/"
[02:51:49] [main/TRACE] [REI] [REIServerPlugin START] Reloading Section: "reloadable-plugin/MenuInfoRegistryImpl/DefaultPlugin of DefaultPlugin [roughlyenoughitems]/"
[02:51:49] [main/TRACE] [REI] [REIServerPlugin START] Reloading Section: "reloadable-plugin/MenuInfoRegistryImpl/DefaultPlugin of DefaultPlugin [roughlyenoughitems]/" done in 57.68 μs
[02:51:49] [main/TRACE] [REI] [REIServerPlugin START] Reloading Section: "reloadable-plugin/MenuInfoRegistryImpl/FabricFluidAPISupportPlugin/"
[02:51:49] [main/TRACE] [REI] [REIServerPlugin START] Reloading Section: "reloadable-plugin/MenuInfoRegistryImpl/FabricFluidAPISupportPlugin/" done in 136.2 μs
[02:51:49] [main/TRACE] [REI] [REIServerPlugin START] Reloading Section: "reloadable-plugin/MenuInfoRegistryImpl/DefaultRuntimePlugin of DefaultRuntimePlugin [roughlyenoughitems]/"
[02:51:49] [main/TRACE] [REI] [REIServerPlugin START] Reloading Section: "reloadable-plugin/MenuInfoRegistryImpl/DefaultRuntimePlugin of DefaultRuntimePlugin [roughlyenoughitems]/" done in 127.6 μs
[02:51:49] [main/TRACE] [REI] [REIServerPlugin START] Reloading Section: "reloadable-plugin/MenuInfoRegistryImpl/" done in 1.172 ms
[02:51:49] [main/TRACE] [REI] [REIServerPlugin START] Reloading Section: "reloadable-plugin/SlotAccessorRegistryImpl/"
[02:51:49] [main/TRACE] [REI] [REIServerPlugin START] Reloading Section: "reloadable-plugin/SlotAccessorRegistryImpl/DefaultPlugin of DefaultPlugin [roughlyenoughitems]/"
[02:51:49] [main/TRACE] [REI] [REIServerPlugin START] Reloading Section: "reloadable-plugin/SlotAccessorRegistryImpl/DefaultPlugin of DefaultPlugin [roughlyenoughitems]/" done in 138.6 μs
[02:51:49] [main/TRACE] [REI] [REIServerPlugin START] Reloading Section: "reloadable-plugin/SlotAccessorRegistryImpl/FabricFluidAPISupportPlugin/"
[02:51:49] [main/TRACE] [REI] [REIServerPlugin START] Reloading Section: "reloadable-plugin/SlotAccessorRegistryImpl/FabricFluidAPISupportPlugin/" done in 124.6 μs
[02:51:49] [main/TRACE] [REI] [REIServerPlugin START] Reloading Section: "reloadable-plugin/SlotAccessorRegistryImpl/DefaultRuntimePlugin of DefaultRuntimePlugin [roughlyenoughitems]/"
[02:51:49] [main/TRACE] [REI] [REIServerPlugin START] Reloading Section: "reloadable-plugin/SlotAccessorRegistryImpl/DefaultRuntimePlugin of DefaultRuntimePlugin [roughlyenoughitems]/" done in 129.1 μs
[02:51:49] [main/TRACE] [REI] [REIServerPlugin START] Reloading Section: "reloadable-plugin/SlotAccessorRegistryImpl/" done in 1.204 ms
[02:51:49] [main/DEBUG] [REI] ========================================
[02:51:49] [main/DEBUG] [REI] REIServerPlugin ending main-reload for START.
[02:51:49] [main/DEBUG] [REI] ========================================
[02:51:49] [main/TRACE] [REI] [REIServerPlugin START] Reloading Section: "end-reload/"
[02:51:49] [main/TRACE] [REI] [REIServerPlugin START] Reloading Section: "end-reload/MenuInfoRegistryImpl/"
[02:51:49] [main/TRACE] [REI] [REIServerPlugin START] Reloading Section: "end-reload/MenuInfoRegistryImpl/" done in 110.0 μs
[02:51:49] [main/TRACE] [REI] [REIServerPlugin START] Reloading Section: "end-reload/SlotAccessorRegistryImpl/"
[02:51:49] [main/TRACE] [REI] [REIServerPlugin START] Reloading Section: "end-reload/SlotAccessorRegistryImpl/" done in 143.2 μs
[02:51:49] [main/TRACE] [REI] [REIServerPlugin START] Reloading Section: "end-reload/" done in 844.8 μs
[02:51:49] [main/DEBUG] [REI] ========================================
[02:51:49] [main/DEBUG] [REI] REIServerPlugin ended main-reload for START in 8.964 ms.
[02:51:49] [main/DEBUG] [REI] ========================================
[02:51:49] [main/DEBUG] [REI] ========================================
[02:51:49] [main/DEBUG] [REI] REIPlugin starting post-reload for START.
[02:51:49] [main/DEBUG] [REI] Reloadables (7):
[02:51:49] [main/DEBUG] [REI]  - EntryTypeRegistryImpl
[02:51:49] [main/DEBUG] [REI]  - EntrySettingsAdapterRegistryImpl
[02:51:49] [main/DEBUG] [REI]  - RecipeManagerContextImpl
[02:51:49] [main/DEBUG] [REI]  - ItemComparatorRegistryImpl
[02:51:49] [main/DEBUG] [REI]  - FluidComparatorRegistryImpl
[02:51:49] [main/DEBUG] [REI]  - DisplaySerializerRegistryImpl
[02:51:49] [main/DEBUG] [REI]  - FluidSupportProviderImpl
[02:51:49] [main/DEBUG] [REI] Plugins (3):
[02:51:49] [main/DEBUG] [REI]  - (-100.00) DefaultPlugin of DefaultPlugin [roughlyenoughitems]
[02:51:49] [main/DEBUG] [REI]  - (0.00) FabricFluidAPISupportPlugin
[02:51:49] [main/DEBUG] [REI]  - (0.00) DefaultRuntimePlugin of DefaultRuntimePlugin [roughlyenoughitems]
[02:51:49] [main/DEBUG] [REI] ========================================
[02:51:49] [main/TRACE] [REI] [REIPlugin START] Reloading Section: "post-register/"
[02:51:49] [main/TRACE] [REI] [REIPlugin START] Reloading Section: "post-register/DefaultPlugin of DefaultPlugin [roughlyenoughitems]/"
[02:51:49] [main/TRACE] [REI] [REIPlugin START] Reloading Section: "post-register/DefaultPlugin of DefaultPlugin [roughlyenoughitems]/" done in 379.0 μs
[02:51:49] [main/TRACE] [REI] [REIPlugin START] Reloading Section: "post-register/FabricFluidAPISupportPlugin/"
[02:51:49] [main/TRACE] [REI] [REIPlugin START] Reloading Section: "post-register/FabricFluidAPISupportPlugin/" done in 136.0 μs
[02:51:49] [main/TRACE] [REI] [REIPlugin START] Reloading Section: "post-register/DefaultRuntimePlugin of DefaultRuntimePlugin [roughlyenoughitems]/"
[02:51:49] [main/TRACE] [REI] [REIPlugin START] Reloading Section: "post-register/DefaultRuntimePlugin of DefaultRuntimePlugin [roughlyenoughitems]/" done in 69.92 μs
[02:51:49] [main/TRACE] [REI] [REIPlugin START] Reloading Section: "post-register/" done in 1.689 ms
[02:51:49] [main/TRACE] [REI] [REIPlugin START] Reloading Section: "post-stage/"
[02:51:49] [main/TRACE] [REI] [REIPlugin START] Reloading Section: "post-stage/EntryTypeRegistryImpl/"
[02:51:49] [main/TRACE] [REI] [REIPlugin START] Reloading Section: "post-stage/EntryTypeRegistryImpl/" done in 173.4 μs
[02:51:49] [main/TRACE] [REI] [REIPlugin START] Reloading Section: "post-stage/EntrySettingsAdapterRegistryImpl/"
[02:51:49] [main/TRACE] [REI] [REIPlugin START] Reloading Section: "post-stage/EntrySettingsAdapterRegistryImpl/" done in 127.8 μs
[02:51:49] [main/TRACE] [REI] [REIPlugin START] Reloading Section: "post-stage/RecipeManagerContextImpl/"
[02:51:49] [main/TRACE] [REI] [REIPlugin START] Reloading Section: "post-stage/RecipeManagerContextImpl/" done in 96.66 μs
[02:51:49] [main/TRACE] [REI] [REIPlugin START] Reloading Section: "post-stage/ItemComparatorRegistryImpl/"
[02:51:49] [main/TRACE] [REI] [REIPlugin START] Reloading Section: "post-stage/ItemComparatorRegistryImpl/" done in 108.9 μs
[02:51:49] [main/TRACE] [REI] [REIPlugin START] Reloading Section: "post-stage/FluidComparatorRegistryImpl/"
[02:51:49] [main/TRACE] [REI] [REIPlugin START] Reloading Section: "post-stage/FluidComparatorRegistryImpl/" done in 103.3 μs
[02:51:49] [main/TRACE] [REI] [REIPlugin START] Reloading Section: "post-stage/DisplaySerializerRegistryImpl/"
[02:51:49] [main/TRACE] [REI] [REIPlugin START] Reloading Section: "post-stage/DisplaySerializerRegistryImpl/" done in 132.8 μs
[02:51:49] [main/TRACE] [REI] [REIPlugin START] Reloading Section: "post-stage/FluidSupportProviderImpl/"
[02:51:49] [main/TRACE] [REI] [REIPlugin START] Reloading Section: "post-stage/FluidSupportProviderImpl/" done in 115.7 μs
[02:51:49] [main/TRACE] [REI] [REIPlugin START] Reloading Section: "post-stage/" done in 2.470 ms
[02:51:49] [main/DEBUG] [REI] ========================================
[02:51:49] [main/INFO] [REI] REIPlugin finished post-reload for START in 4.451 ms, totaling 43.58 ms.
[02:51:49] [main/DEBUG] [REI] ========================================
[02:51:49] [main/DEBUG] [REI] ========================================
[02:51:49] [main/DEBUG] [REI] REIServerPlugin starting post-reload for START.
[02:51:49] [main/DEBUG] [REI] Reloadables (2):
[02:51:49] [main/DEBUG] [REI]  - MenuInfoRegistryImpl
[02:51:49] [main/DEBUG] [REI]  - SlotAccessorRegistryImpl
[02:51:49] [main/DEBUG] [REI] Plugins (3):
[02:51:49] [main/DEBUG] [REI]  - (-100.00) DefaultPlugin of DefaultPlugin [roughlyenoughitems]
[02:51:49] [main/DEBUG] [REI]  - (0.00) FabricFluidAPISupportPlugin
[02:51:49] [main/DEBUG] [REI]  - (0.00) DefaultRuntimePlugin of DefaultRuntimePlugin [roughlyenoughitems]
[02:51:49] [main/DEBUG] [REI] ========================================
[02:51:49] [main/TRACE] [REI] [REIServerPlugin START] Reloading Section: "post-register/"
[02:51:49] [main/TRACE] [REI] [REIServerPlugin START] Reloading Section: "post-register/DefaultPlugin of DefaultPlugin [roughlyenoughitems]/"
[02:51:49] [main/TRACE] [REI] [REIServerPlugin START] Reloading Section: "post-register/DefaultPlugin of DefaultPlugin [roughlyenoughitems]/" done in 114.1 μs
[02:51:49] [main/TRACE] [REI] [REIServerPlugin START] Reloading Section: "post-register/FabricFluidAPISupportPlugin/"
[02:51:49] [main/TRACE] [REI] [REIServerPlugin START] Reloading Section: "post-register/FabricFluidAPISupportPlugin/" done in 103.4 μs
[02:51:49] [main/TRACE] [REI] [REIServerPlugin START] Reloading Section: "post-register/DefaultRuntimePlugin of DefaultRuntimePlugin [roughlyenoughitems]/"
[02:51:49] [main/TRACE] [REI] [REIServerPlugin START] Reloading Section: "post-register/DefaultRuntimePlugin of DefaultRuntimePlugin [roughlyenoughitems]/" done in 125.4 μs
[02:51:49] [main/TRACE] [REI] [REIServerPlugin START] Reloading Section: "post-register/" done in 1.187 ms
[02:51:49] [main/TRACE] [REI] [REIServerPlugin START] Reloading Section: "post-stage/"
[02:51:49] [main/TRACE] [REI] [REIServerPlugin START] Reloading Section: "post-stage/MenuInfoRegistryImpl/"
[02:51:49] [main/TRACE] [REI] [REIServerPlugin START] Reloading Section: "post-stage/MenuInfoRegistryImpl/" done in 119.4 μs
[02:51:49] [main/TRACE] [REI] [REIServerPlugin START] Reloading Section: "post-stage/SlotAccessorRegistryImpl/"
[02:51:49] [main/TRACE] [REI] [REIServerPlugin START] Reloading Section: "post-stage/SlotAccessorRegistryImpl/" done in 138.1 μs
[02:51:49] [main/TRACE] [REI] [REIServerPlugin START] Reloading Section: "post-stage/" done in 802.3 μs
[02:51:49] [main/DEBUG] [REI] ========================================
[02:51:49] [main/INFO] [REI] REIServerPlugin finished post-reload for START in 2.305 ms, totaling 12.63 ms.
[02:51:49] [main/DEBUG] [REI] ========================================
[02:51:49] [main/DEBUG] [REI] ========================================
[02:51:49] [main/DEBUG] [REI] REIPlugin starting pre-reload for END.
[02:51:49] [main/DEBUG] [REI] Reloadables (7):
[02:51:49] [main/DEBUG] [REI]  - EntryTypeRegistryImpl
[02:51:49] [main/DEBUG] [REI]  - EntrySettingsAdapterRegistryImpl
[02:51:49] [main/DEBUG] [REI]  - RecipeManagerContextImpl
[02:51:49] [main/DEBUG] [REI]  - ItemComparatorRegistryImpl
[02:51:49] [main/DEBUG] [REI]  - FluidComparatorRegistryImpl
[02:51:49] [main/DEBUG] [REI]  - DisplaySerializerRegistryImpl
[02:51:49] [main/DEBUG] [REI]  - FluidSupportProviderImpl
[02:51:49] [main/DEBUG] [REI] Plugins (3):
[02:51:49] [main/DEBUG] [REI]  - (-100.00) DefaultPlugin of DefaultPlugin [roughlyenoughitems]
[02:51:49] [main/DEBUG] [REI]  - (0.00) FabricFluidAPISupportPlugin
[02:51:49] [main/DEBUG] [REI]  - (0.00) DefaultRuntimePlugin of DefaultRuntimePlugin [roughlyenoughitems]
[02:51:49] [main/DEBUG] [REI] ========================================
[02:51:49] [main/TRACE] [REI] [REIPlugin END] Reloading Section: "pre-register/"
[02:51:49] [main/TRACE] [REI] [REIPlugin END] Reloading Section: "pre-register/DefaultPlugin of DefaultPlugin [roughlyenoughitems]/"
[02:51:49] [main/TRACE] [REI] [REIPlugin END] Reloading Section: "pre-register/DefaultPlugin of DefaultPlugin [roughlyenoughitems]/" done in 111.9 μs
[02:51:49] [main/TRACE] [REI] [REIPlugin END] Reloading Section: "pre-register/FabricFluidAPISupportPlugin/"
[02:51:49] [main/TRACE] [REI] [REIPlugin END] Reloading Section: "pre-register/FabricFluidAPISupportPlugin/" done in 49.59 μs
[02:51:49] [main/TRACE] [REI] [REIPlugin END] Reloading Section: "pre-register/DefaultRuntimePlugin of DefaultRuntimePlugin [roughlyenoughitems]/"
[02:51:49] [main/TRACE] [REI] [REIPlugin END] Reloading Section: "pre-register/DefaultRuntimePlugin of DefaultRuntimePlugin [roughlyenoughitems]/" done in 96.79 μs
[02:51:49] [main/TRACE] [REI] [REIPlugin END] Reloading Section: "pre-register/" done in 874.7 μs
[02:51:49] [main/TRACE] [REI] [REIPlugin END] Reloading Section: "pre-stage/"
[02:51:49] [main/TRACE] [REI] [REIPlugin END] Reloading Section: "pre-stage/EntryTypeRegistryImpl/"
[02:51:49] [main/TRACE] [REI] [REIPlugin END] Reloading Section: "pre-stage/EntryTypeRegistryImpl/" done in 153.9 μs
[02:51:49] [main/TRACE] [REI] [REIPlugin END] Reloading Section: "pre-stage/EntrySettingsAdapterRegistryImpl/"
[02:51:49] [main/TRACE] [REI] [REIPlugin END] Reloading Section: "pre-stage/EntrySettingsAdapterRegistryImpl/" done in 43.77 μs
[02:51:49] [main/TRACE] [REI] [REIPlugin END] Reloading Section: "pre-stage/RecipeManagerContextImpl/"
[02:51:49] [main/TRACE] [REI] [REIPlugin END] Reloading Section: "pre-stage/RecipeManagerContextImpl/" done in 92.64 μs
[02:51:49] [main/TRACE] [REI] [REIPlugin END] Reloading Section: "pre-stage/ItemComparatorRegistryImpl/"
[02:51:49] [main/TRACE] [REI] [REIPlugin END] Reloading Section: "pre-stage/ItemComparatorRegistryImpl/" done in 42.47 μs
[02:51:49] [main/TRACE] [REI] [REIPlugin END] Reloading Section: "pre-stage/FluidComparatorRegistryImpl/"
[02:51:49] [main/TRACE] [REI] [REIPlugin END] Reloading Section: "pre-stage/FluidComparatorRegistryImpl/" done in 112.0 μs
[02:51:49] [main/TRACE] [REI] [REIPlugin END] Reloading Section: "pre-stage/DisplaySerializerRegistryImpl/"
[02:51:49] [main/TRACE] [REI] [REIPlugin END] Reloading Section: "pre-stage/DisplaySerializerRegistryImpl/" done in 44.71 μs
[02:51:49] [main/TRACE] [REI] [REIPlugin END] Reloading Section: "pre-stage/FluidSupportProviderImpl/"
[02:51:49] [main/TRACE] [REI] [REIPlugin END] Reloading Section: "pre-stage/FluidSupportProviderImpl/" done in 91.56 μs
[02:51:49] [main/TRACE] [REI] [REIPlugin END] Reloading Section: "pre-stage/" done in 1.846 ms
[02:51:49] [main/DEBUG] [REI] ========================================
[02:51:49] [main/DEBUG] [REI] REIPlugin finished pre-reload for END in 3.021 ms.
[02:51:49] [main/DEBUG] [REI] ========================================
[02:51:49] [main/DEBUG] [REI] ========================================
[02:51:49] [main/DEBUG] [REI] REIServerPlugin starting pre-reload for END.
[02:51:49] [main/DEBUG] [REI] Reloadables (2):
[02:51:49] [main/DEBUG] [REI]  - MenuInfoRegistryImpl
[02:51:49] [main/DEBUG] [REI]  - SlotAccessorRegistryImpl
[02:51:49] [main/DEBUG] [REI] Plugins (3):
[02:51:49] [main/DEBUG] [REI]  - (-100.00) DefaultPlugin of DefaultPlugin [roughlyenoughitems]
[02:51:49] [main/DEBUG] [REI]  - (0.00) FabricFluidAPISupportPlugin
[02:51:49] [main/DEBUG] [REI]  - (0.00) DefaultRuntimePlugin of DefaultRuntimePlugin [roughlyenoughitems]
[02:51:49] [main/DEBUG] [REI] ========================================
[02:51:49] [main/TRACE] [REI] [REIServerPlugin END] Reloading Section: "pre-register/"
[02:51:49] [main/TRACE] [REI] [REIServerPlugin END] Reloading Section: "pre-register/DefaultPlugin of DefaultPlugin [roughlyenoughitems]/"
[02:51:49] [main/TRACE] [REI] [REIServerPlugin END] Reloading Section: "pre-register/DefaultPlugin of DefaultPlugin [roughlyenoughitems]/" done in 42.50 μs
[02:51:49] [main/TRACE] [REI] [REIServerPlugin END] Reloading Section: "pre-register/FabricFluidAPISupportPlugin/"
[02:51:49] [main/TRACE] [REI] [REIServerPlugin END] Reloading Section: "pre-register/FabricFluidAPISupportPlugin/" done in 47.51 μs
[02:51:49] [main/TRACE] [REI] [REIServerPlugin END] Reloading Section: "pre-register/DefaultRuntimePlugin of DefaultRuntimePlugin [roughlyenoughitems]/"
[02:51:49] [main/TRACE] [REI] [REIServerPlugin END] Reloading Section: "pre-register/DefaultRuntimePlugin of DefaultRuntimePlugin [roughlyenoughitems]/" done in 52.56 μs
[02:51:49] [main/TRACE] [REI] [REIServerPlugin END] Reloading Section: "pre-register/" done in 744.3 μs
[02:51:49] [main/TRACE] [REI] [REIServerPlugin END] Reloading Section: "pre-stage/"
[02:51:49] [main/TRACE] [REI] [REIServerPlugin END] Reloading Section: "pre-stage/MenuInfoRegistryImpl/"
[02:51:49] [main/TRACE] [REI] [REIServerPlugin END] Reloading Section: "pre-stage/MenuInfoRegistryImpl/" done in 46.24 μs
[02:51:49] [main/TRACE] [REI] [REIServerPlugin END] Reloading Section: "pre-stage/SlotAccessorRegistryImpl/"
[02:51:49] [main/TRACE] [REI] [REIServerPlugin END] Reloading Section: "pre-stage/SlotAccessorRegistryImpl/" done in 105.2 μs
[02:51:49] [main/TRACE] [REI] [REIServerPlugin END] Reloading Section: "pre-stage/" done in 568.0 μs
[02:51:49] [main/DEBUG] [REI] ========================================
[02:51:49] [main/DEBUG] [REI] REIServerPlugin finished pre-reload for END in 1.684 ms.
[02:51:49] [main/DEBUG] [REI] ========================================
[02:51:49] [main/INFO] [REI] ========================================
[02:51:49] [main/INFO] [REI] REIPlugin starting main-reload for END.
[02:51:49] [main/DEBUG] [REI] Reloadables (7):
[02:51:49] [main/DEBUG] [REI]  - EntryTypeRegistryImpl
[02:51:49] [main/DEBUG] [REI]  - EntrySettingsAdapterRegistryImpl
[02:51:49] [main/DEBUG] [REI]  - RecipeManagerContextImpl
[02:51:49] [main/DEBUG] [REI]  - ItemComparatorRegistryImpl
[02:51:49] [main/DEBUG] [REI]  - FluidComparatorRegistryImpl
[02:51:49] [main/DEBUG] [REI]  - DisplaySerializerRegistryImpl
[02:51:49] [main/DEBUG] [REI]  - FluidSupportProviderImpl
[02:51:49] [main/INFO] [REI] Plugins (3):
[02:51:49] [main/INFO] [REI]  - (-100.00) DefaultPlugin of DefaultPlugin [roughlyenoughitems]
[02:51:49] [main/INFO] [REI]  - (0.00) FabricFluidAPISupportPlugin
[02:51:49] [main/INFO] [REI]  - (0.00) DefaultRuntimePlugin of DefaultRuntimePlugin [roughlyenoughitems]
[02:51:49] [main/INFO] [REI] ========================================
[02:51:49] [main/TRACE] [REI] [REIPlugin END] Reloading Section: "start-reload/"
[02:51:49] [main/TRACE] [REI] [REIPlugin END] Reloading Section: "start-reload/EntryTypeRegistryImpl/"
[02:51:49] [main/TRACE] [REI] [REIPlugin END] Reloading Section: "start-reload/EntryTypeRegistryImpl/" done in 132.4 μs
[02:51:49] [main/TRACE] [REI] [REIPlugin END] Reloading Section: "start-reload/EntrySettingsAdapterRegistryImpl/"
[02:51:49] [main/TRACE] [REI] [REIPlugin END] Reloading Section: "start-reload/EntrySettingsAdapterRegistryImpl/" done in 63.34 μs
[02:51:49] [main/TRACE] [REI] [REIPlugin END] Reloading Section: "start-reload/RecipeManagerContextImpl/"
[02:51:49] [main/TRACE] [REI] [REIPlugin END] Reloading Section: "start-reload/RecipeManagerContextImpl/" done in 60.50 μs
[02:51:49] [main/TRACE] [REI] [REIPlugin END] Reloading Section: "start-reload/ItemComparatorRegistryImpl/"
[02:51:49] [main/TRACE] [REI] [REIPlugin END] Reloading Section: "start-reload/ItemComparatorRegistryImpl/" done in 42.18 μs
[02:51:49] [main/TRACE] [REI] [REIPlugin END] Reloading Section: "start-reload/FluidComparatorRegistryImpl/"
[02:51:49] [main/TRACE] [REI] [REIPlugin END] Reloading Section: "start-reload/FluidComparatorRegistryImpl/" done in 43.42 μs
[02:51:49] [main/TRACE] [REI] [REIPlugin END] Reloading Section: "start-reload/DisplaySerializerRegistryImpl/"
[02:51:49] [main/TRACE] [REI] [REIPlugin END] Reloading Section: "start-reload/DisplaySerializerRegistryImpl/" done in 49.65 μs
[02:51:49] [main/TRACE] [REI] [REIPlugin END] Reloading Section: "start-reload/FluidSupportProviderImpl/"
[02:51:49] [main/TRACE] [REI] [REIPlugin END] Reloading Section: "start-reload/FluidSupportProviderImpl/" done in 59.69 μs
[02:51:49] [main/TRACE] [REI] [REIPlugin END] Reloading Section: "start-reload/" done in 1.823 ms
[02:51:49] [main/DEBUG] [REI] ========================================
[02:51:49] [main/DEBUG] [REI] REIPlugin started main-reload for END.
[02:51:49] [main/DEBUG] [REI] ========================================
[02:51:49] [main/TRACE] [REI] [REIPlugin END] Reloading Section: "reloadable-plugin/EntryTypeRegistryImpl/"
[02:51:49] [main/TRACE] [REI] [REIPlugin END] Reloading Section: "reloadable-plugin/EntryTypeRegistryImpl/DefaultPlugin of DefaultPlugin [roughlyenoughitems]/"
[02:51:49] [main/TRACE] [REI] [REIPlugin END] Reloading Section: "reloadable-plugin/EntryTypeRegistryImpl/DefaultPlugin of DefaultPlugin [roughlyenoughitems]/" done in 106.6 μs
[02:51:49] [main/TRACE] [REI] [REIPlugin END] Reloading Section: "reloadable-plugin/EntryTypeRegistryImpl/FabricFluidAPISupportPlugin/"
[02:51:49] [main/TRACE] [REI] [REIPlugin END] Reloading Section: "reloadable-plugin/EntryTypeRegistryImpl/FabricFluidAPISupportPlugin/" done in 97.76 μs
[02:51:49] [main/TRACE] [REI] [REIPlugin END] Reloading Section: "reloadable-plugin/EntryTypeRegistryImpl/DefaultRuntimePlugin of DefaultRuntimePlugin [roughlyenoughitems]/"
[02:51:49] [main/TRACE] [REI] [REIPlugin END] Reloading Section: "reloadable-plugin/EntryTypeRegistryImpl/DefaultRuntimePlugin of DefaultRuntimePlugin [roughlyenoughitems]/" done in 103.2 μs
[02:51:49] [main/TRACE] [REI] [REIPlugin END] Reloading Section: "reloadable-plugin/EntryTypeRegistryImpl/" done in 851.3 μs
[02:51:49] [main/TRACE] [REI] [REIPlugin END] Reloading Section: "reloadable-plugin/EntrySettingsAdapterRegistryImpl/"
[02:51:49] [main/TRACE] [REI] [REIPlugin END] Reloading Section: "reloadable-plugin/EntrySettingsAdapterRegistryImpl/DefaultPlugin of DefaultPlugin [roughlyenoughitems]/"
[02:51:49] [main/TRACE] [REI] [REIPlugin END] Reloading Section: "reloadable-plugin/EntrySettingsAdapterRegistryImpl/DefaultPlugin of DefaultPlugin [roughlyenoughitems]/" done in 60.35 μs
[02:51:49] [main/TRACE] [REI] [REIPlugin END] Reloading Section: "reloadable-plugin/EntrySettingsAdapterRegistryImpl/FabricFluidAPISupportPlugin/"
[02:51:49] [main/TRACE] [REI] [REIPlugin END] Reloading Section: "reloadable-plugin/EntrySettingsAdapterRegistryImpl/FabricFluidAPISupportPlugin/" done in 57.32 μs
[02:51:49] [main/TRACE] [REI] [REIPlugin END] Reloading Section: "reloadable-plugin/EntrySettingsAdapterRegistryImpl/DefaultRuntimePlugin of DefaultRuntimePlugin [roughlyenoughitems]/"
[02:51:49] [main/TRACE] [REI] [REIPlugin END] Reloading Section: "reloadable-plugin/EntrySettingsAdapterRegistryImpl/DefaultRuntimePlugin of DefaultRuntimePlugin [roughlyenoughitems]/" done in 57.34 μs
[02:51:49] [main/TRACE] [REI] [REIPlugin END] Reloading Section: "reloadable-plugin/EntrySettingsAdapterRegistryImpl/" done in 871.6 μs
[02:51:49] [main/TRACE] [REI] [REIPlugin END] Reloading Section: "reloadable-plugin/RecipeManagerContextImpl/"
[02:51:49] [main/TRACE] [REI] [REIPlugin END] Reloading Section: "reloadable-plugin/RecipeManagerContextImpl/DefaultPlugin of DefaultPlugin [roughlyenoughitems]/"
[02:51:49] [main/TRACE] [REI] [REIPlugin END] Reloading Section: "reloadable-plugin/RecipeManagerContextImpl/DefaultPlugin of DefaultPlugin [roughlyenoughitems]/" done in 107.9 μs
[02:51:49] [main/TRACE] [REI] [REIPlugin END] Reloading Section: "reloadable-plugin/RecipeManagerContextImpl/FabricFluidAPISupportPlugin/"
[02:51:49] [main/TRACE] [REI] [REIPlugin END] Reloading Section: "reloadable-plugin/RecipeManagerContextImpl/FabricFluidAPISupportPlugin/" done in 78.18 μs
[02:51:49] [main/TRACE] [REI] [REIPlugin END] Reloading Section: "reloadable-plugin/RecipeManagerContextImpl/DefaultRuntimePlugin of DefaultRuntimePlugin [roughlyenoughitems]/"
[02:51:49] [main/TRACE] [REI] [REIPlugin END] Reloading Section: "reloadable-plugin/RecipeManagerContextImpl/DefaultRuntimePlugin of DefaultRuntimePlugin [roughlyenoughitems]/" done in 50.13 μs
[02:51:49] [main/TRACE] [REI] [REIPlugin END] Reloading Section: "reloadable-plugin/RecipeManagerContextImpl/" done in 2.109 ms
[02:51:49] [main/TRACE] [REI] [REIPlugin END] Reloading Section: "reloadable-plugin/ItemComparatorRegistryImpl/"
[02:51:49] [main/TRACE] [REI] [REIPlugin END] Reloading Section: "reloadable-plugin/ItemComparatorRegistryImpl/DefaultPlugin of DefaultPlugin [roughlyenoughitems]/"
[02:51:49] [main/TRACE] [REI] [REIPlugin END] Reloading Section: "reloadable-plugin/ItemComparatorRegistryImpl/DefaultPlugin of DefaultPlugin [roughlyenoughitems]/" done in 97.68 μs
[02:51:49] [main/TRACE] [REI] [REIPlugin END] Reloading Section: "reloadable-plugin/ItemComparatorRegistryImpl/FabricFluidAPISupportPlugin/"
[02:51:49] [main/TRACE] [REI] [REIPlugin END] Reloading Section: "reloadable-plugin/ItemComparatorRegistryImpl/FabricFluidAPISupportPlugin/" done in 59.04 μs
[02:51:49] [main/TRACE] [REI] [REIPlugin END] Reloading Section: "reloadable-plugin/ItemComparatorRegistryImpl/DefaultRuntimePlugin of DefaultRuntimePlugin [roughlyenoughitems]/"
[02:51:49] [main/TRACE] [REI] [REIPlugin END] Reloading Section: "reloadable-plugin/ItemComparatorRegistryImpl/DefaultRuntimePlugin of DefaultRuntimePlugin [roughlyenoughitems]/" done in 113.0 μs
[02:51:49] [main/TRACE] [REI] [REIPlugin END] Reloading Section: "reloadable-plugin/ItemComparatorRegistryImpl/" done in 879.9 μs
[02:51:49] [main/TRACE] [REI] [REIPlugin END] Reloading Section: "reloadable-plugin/FluidComparatorRegistryImpl/"
[02:51:49] [main/TRACE] [REI] [REIPlugin END] Reloading Section: "reloadable-plugin/FluidComparatorRegistryImpl/DefaultPlugin of DefaultPlugin [roughlyenoughitems]/"
[02:51:49] [main/TRACE] [REI] [REIPlugin END] Reloading Section: "reloadable-plugin/FluidComparatorRegistryImpl/DefaultPlugin of DefaultPlugin [roughlyenoughitems]/" done in 67.93 μs
[02:51:49] [main/TRACE] [REI] [REIPlugin END] Reloading Section: "reloadable-plugin/FluidComparatorRegistryImpl/FabricFluidAPISupportPlugin/"
[02:51:49] [main/TRACE] [REI] [REIPlugin END] Reloading Section: "reloadable-plugin/FluidComparatorRegistryImpl/FabricFluidAPISupportPlugin/" done in 51.45 μs
[02:51:49] [main/TRACE] [REI] [REIPlugin END] Reloading Section: "reloadable-plugin/FluidComparatorRegistryImpl/DefaultRuntimePlugin of DefaultRuntimePlugin [roughlyenoughitems]/"
[02:51:49] [main/TRACE] [REI] [REIPlugin END] Reloading Section: "reloadable-plugin/FluidComparatorRegistryImpl/DefaultRuntimePlugin of DefaultRuntimePlugin [roughlyenoughitems]/" done in 91.64 μs
[02:51:49] [main/TRACE] [REI] [REIPlugin END] Reloading Section: "reloadable-plugin/FluidComparatorRegistryImpl/" done in 834.0 μs
[02:51:49] [main/TRACE] [REI] [REIPlugin END] Reloading Section: "reloadable-plugin/DisplaySerializerRegistryImpl/"
[02:51:49] [main/TRACE] [REI] [REIPlugin END] Reloading Section: "reloadable-plugin/DisplaySerializerRegistryImpl/DefaultPlugin of DefaultPlugin [roughlyenoughitems]/"
[02:51:49] [main/TRACE] [REI] [REIPlugin END] Reloading Section: "reloadable-plugin/DisplaySerializerRegistryImpl/DefaultPlugin of DefaultPlugin [roughlyenoughitems]/" done in 21.36 ms
[02:51:49] [main/TRACE] [REI] [REIPlugin END] Reloading Section: "reloadable-plugin/DisplaySerializerRegistryImpl/FabricFluidAPISupportPlugin/"
[02:51:49] [main/TRACE] [REI] [REIPlugin END] Reloading Section: "reloadable-plugin/DisplaySerializerRegistryImpl/FabricFluidAPISupportPlugin/" done in 120.2 μs
[02:51:49] [main/TRACE] [REI] [REIPlugin END] Reloading Section: "reloadable-plugin/DisplaySerializerRegistryImpl/DefaultRuntimePlugin of DefaultRuntimePlugin [roughlyenoughitems]/"
[02:51:49] [main/TRACE] [REI] [REIPlugin END] Reloading Section: "reloadable-plugin/DisplaySerializerRegistryImpl/DefaultRuntimePlugin of DefaultRuntimePlugin [roughlyenoughitems]/" done in 108.4 μs
[02:51:49] [main/TRACE] [REI] [REIPlugin END] Reloading Section: "reloadable-plugin/DisplaySerializerRegistryImpl/" done in 22.44 ms
[02:51:49] [main/TRACE] [REI] [REIPlugin END] Reloading Section: "reloadable-plugin/FluidSupportProviderImpl/"
[02:51:49] [main/TRACE] [REI] [REIPlugin END] Reloading Section: "reloadable-plugin/FluidSupportProviderImpl/DefaultPlugin of DefaultPlugin [roughlyenoughitems]/"
[02:51:49] [main/TRACE] [REI] [REIPlugin END] Reloading Section: "reloadable-plugin/FluidSupportProviderImpl/DefaultPlugin of DefaultPlugin [roughlyenoughitems]/" done in 118.9 μs
[02:51:49] [main/TRACE] [REI] [REIPlugin END] Reloading Section: "reloadable-plugin/FluidSupportProviderImpl/FabricFluidAPISupportPlugin/"
[02:51:49] [main/TRACE] [REI] [REIPlugin END] Reloading Section: "reloadable-plugin/FluidSupportProviderImpl/FabricFluidAPISupportPlugin/" done in 99.77 μs
[02:51:49] [main/TRACE] [REI] [REIPlugin END] Reloading Section: "reloadable-plugin/FluidSupportProviderImpl/DefaultRuntimePlugin of DefaultRuntimePlugin [roughlyenoughitems]/"
[02:51:49] [main/TRACE] [REI] [REIPlugin END] Reloading Section: "reloadable-plugin/FluidSupportProviderImpl/DefaultRuntimePlugin of DefaultRuntimePlugin [roughlyenoughitems]/" done in 130.3 μs
[02:51:49] [main/TRACE] [REI] [REIPlugin END] Reloading Section: "reloadable-plugin/FluidSupportProviderImpl/" done in 1.044 ms
[02:51:49] [main/DEBUG] [REI] ========================================
[02:51:49] [main/DEBUG] [REI] REIPlugin ending main-reload for END.
[02:51:49] [main/DEBUG] [REI] ========================================
[02:51:49] [main/TRACE] [REI] [REIPlugin END] Reloading Section: "end-reload/"
[02:51:49] [main/TRACE] [REI] [REIPlugin END] Reloading Section: "end-reload/EntryTypeRegistryImpl/"
[02:51:49] [main/TRACE] [REI] [REIPlugin END] Reloading Section: "end-reload/EntryTypeRegistryImpl/" done in 91.58 μs
[02:51:49] [main/TRACE] [REI] [REIPlugin END] Reloading Section: "end-reload/EntrySettingsAdapterRegistryImpl/"
[02:51:49] [main/TRACE] [REI] [REIPlugin END] Reloading Section: "end-reload/EntrySettingsAdapterRegistryImpl/" done in 121.2 μs
[02:51:49] [main/TRACE] [REI] [REIPlugin END] Reloading Section: "end-reload/RecipeManagerContextImpl/"
[02:51:49] [main/TRACE] [REI] [REIPlugin END] Reloading Section: "end-reload/RecipeManagerContextImpl/" done in 93.19 μs
[02:51:49] [main/TRACE] [REI] [REIPlugin END] Reloading Section: "end-reload/ItemComparatorRegistryImpl/"
[02:51:49] [main/TRACE] [REI] [REIPlugin END] Reloading Section: "end-reload/ItemComparatorRegistryImpl/" done in 95.24 μs
[02:51:49] [main/TRACE] [REI] [REIPlugin END] Reloading Section: "end-reload/FluidComparatorRegistryImpl/"
[02:51:49] [main/TRACE] [REI] [REIPlugin END] Reloading Section: "end-reload/FluidComparatorRegistryImpl/" done in 42.87 μs
[02:51:49] [main/TRACE] [REI] [REIPlugin END] Reloading Section: "end-reload/DisplaySerializerRegistryImpl/"
[02:51:49] [main/TRACE] [REI] [REIPlugin END] Reloading Section: "end-reload/DisplaySerializerRegistryImpl/" done in 99.37 μs
[02:51:49] [main/TRACE] [REI] [REIPlugin END] Reloading Section: "end-reload/FluidSupportProviderImpl/"
[02:51:49] [main/TRACE] [REI] [REIPlugin END] Reloading Section: "end-reload/FluidSupportProviderImpl/" done in 43.72 μs
[02:51:49] [main/TRACE] [REI] [REIPlugin END] Reloading Section: "end-reload/" done in 1.962 ms
[02:51:49] [main/DEBUG] [REI] ========================================
[02:51:49] [main/DEBUG] [REI] REIPlugin ended main-reload for END in 37.60 ms.
[02:51:49] [main/DEBUG] [REI] ========================================
[02:51:49] [main/INFO] [REI] ########################################
[02:51:49] [main/INFO] [REI] REIServerPlugin starting main-reload for END.
[02:51:49] [main/DEBUG] [REI] Reloadables (2):
[02:51:49] [main/DEBUG] [REI]  - MenuInfoRegistryImpl
[02:51:49] [main/DEBUG] [REI]  - SlotAccessorRegistryImpl
[02:51:49] [main/INFO] [REI] Plugins (3):
[02:51:49] [main/INFO] [REI]  - (-100.00) DefaultPlugin of DefaultPlugin [roughlyenoughitems]
[02:51:49] [main/INFO] [REI]  - (0.00) FabricFluidAPISupportPlugin
[02:51:49] [main/INFO] [REI]  - (0.00) DefaultRuntimePlugin of DefaultRuntimePlugin [roughlyenoughitems]
[02:51:49] [main/INFO] [REI] ########################################
[02:51:49] [main/TRACE] [REI] [REIServerPlugin END] Reloading Section: "start-reload/"
[02:51:49] [main/TRACE] [REI] [REIServerPlugin END] Reloading Section: "start-reload/MenuInfoRegistryImpl/"
[02:51:49] [main/TRACE] [REI] [REIServerPlugin END] Reloading Section: "start-reload/MenuInfoRegistryImpl/" done in 39.71 μs
[02:51:49] [main/TRACE] [REI] [REIServerPlugin END] Reloading Section: "start-reload/SlotAccessorRegistryImpl/"
[02:51:49] [main/TRACE] [REI] [REIServerPlugin END] Reloading Section: "start-reload/SlotAccessorRegistryImpl/" done in 27.69 μs
[02:51:49] [main/TRACE] [REI] [REIServerPlugin END] Reloading Section: "start-reload/" done in 240.4 μs
[02:51:49] [main/DEBUG] [REI] ========================================
[02:51:49] [main/DEBUG] [REI] REIServerPlugin started main-reload for END.
[02:51:49] [main/DEBUG] [REI] ========================================
[02:51:49] [main/TRACE] [REI] [REIServerPlugin END] Reloading Section: "reloadable-plugin/MenuInfoRegistryImpl/"
[02:51:49] [main/TRACE] [REI] [REIServerPlugin END] Reloading Section: "reloadable-plugin/MenuInfoRegistryImpl/DefaultPlugin of DefaultPlugin [roughlyenoughitems]/"
[02:51:49] [main/TRACE] [REI] [REIServerPlugin END] Reloading Section: "reloadable-plugin/MenuInfoRegistryImpl/DefaultPlugin of DefaultPlugin [roughlyenoughitems]/" done in 35.91 μs
[02:51:49] [main/TRACE] [REI] [REIServerPlugin END] Reloading Section: "reloadable-plugin/MenuInfoRegistryImpl/FabricFluidAPISupportPlugin/"
[02:51:49] [main/TRACE] [REI] [REIServerPlugin END] Reloading Section: "reloadable-plugin/MenuInfoRegistryImpl/FabricFluidAPISupportPlugin/" done in 27.04 μs
[02:51:49] [main/TRACE] [REI] [REIServerPlugin END] Reloading Section: "reloadable-plugin/MenuInfoRegistryImpl/DefaultRuntimePlugin of DefaultRuntimePlugin [roughlyenoughitems]/"
[02:51:49] [main/TRACE] [REI] [REIServerPlugin END] Reloading Section: "reloadable-plugin/MenuInfoRegistryImpl/DefaultRuntimePlugin of DefaultRuntimePlugin [roughlyenoughitems]/" done in 25.53 μs
[02:51:49] [main/TRACE] [REI] [REIServerPlugin END] Reloading Section: "reloadable-plugin/MenuInfoRegistryImpl/" done in 325.4 μs
[02:51:49] [main/TRACE] [REI] [REIServerPlugin END] Reloading Section: "reloadable-plugin/SlotAccessorRegistryImpl/"
[02:51:49] [main/TRACE] [REI] [REIServerPlugin END] Reloading Section: "reloadable-plugin/SlotAccessorRegistryImpl/DefaultPlugin of DefaultPlugin [roughlyenoughitems]/"
[02:51:49] [main/TRACE] [REI] [REIServerPlugin END] Reloading Section: "reloadable-plugin/SlotAccessorRegistryImpl/DefaultPlugin of DefaultPlugin [roughlyenoughitems]/" done in 32.08 μs
[02:51:49] [main/TRACE] [REI] [REIServerPlugin END] Reloading Section: "reloadable-plugin/SlotAccessorRegistryImpl/FabricFluidAPISupportPlugin/"
[02:51:49] [main/TRACE] [REI] [REIServerPlugin END] Reloading Section: "reloadable-plugin/SlotAccessorRegistryImpl/FabricFluidAPISupportPlugin/" done in 60.06 μs
[02:51:49] [main/TRACE] [REI] [REIServerPlugin END] Reloading Section: "reloadable-plugin/SlotAccessorRegistryImpl/DefaultRuntimePlugin of DefaultRuntimePlugin [roughlyenoughitems]/"
[02:51:49] [main/DEBUG] [REI] Added slot accessor serializer: me.shedaniel.rei.plugin.common.runtime.DefaultRuntimePlugin$1@5c75562d [roughlyenoughitems:vanilla]
[02:51:49] [main/DEBUG] [REI] Added slot accessor serializer: me.shedaniel.rei.plugin.common.runtime.DefaultRuntimePlugin$2@474ff95b [roughlyenoughitems:player]
[02:51:49] [main/TRACE] [REI] [REIServerPlugin END] Reloading Section: "reloadable-plugin/SlotAccessorRegistryImpl/DefaultRuntimePlugin of DefaultRuntimePlugin [roughlyenoughitems]/" done in 1.591 ms
[02:51:49] [main/TRACE] [REI] [REIServerPlugin END] Reloading Section: "reloadable-plugin/SlotAccessorRegistryImpl/" done in 2.045 ms
[02:51:49] [main/DEBUG] [REI] ========================================
[02:51:49] [main/DEBUG] [REI] REIServerPlugin ending main-reload for END.
[02:51:49] [main/DEBUG] [REI] ========================================
[02:51:49] [main/TRACE] [REI] [REIServerPlugin END] Reloading Section: "end-reload/"
[02:51:49] [main/TRACE] [REI] [REIServerPlugin END] Reloading Section: "end-reload/MenuInfoRegistryImpl/"
[02:51:49] [main/DEBUG] [REI] Registered 0 menu infos
[02:51:49] [main/TRACE] [REI] [REIServerPlugin END] Reloading Section: "end-reload/MenuInfoRegistryImpl/" done in 103.4 μs
[02:51:49] [main/TRACE] [REI] [REIServerPlugin END] Reloading Section: "end-reload/SlotAccessorRegistryImpl/"
[02:51:49] [main/DEBUG] [REI] Registered 2 slot accessor serializers
[02:51:49] [main/TRACE] [REI] [REIServerPlugin END] Reloading Section: "end-reload/SlotAccessorRegistryImpl/" done in 86.01 μs
[02:51:49] [main/TRACE] [REI] [REIServerPlugin END] Reloading Section: "end-reload/" done in 404.0 μs
[02:51:49] [main/DEBUG] [REI] ========================================
[02:51:49] [main/DEBUG] [REI] REIServerPlugin ended main-reload for END in 5.536 ms.
[02:51:49] [main/DEBUG] [REI] ========================================
[02:51:49] [main/DEBUG] [REI] ========================================
[02:51:49] [main/DEBUG] [REI] REIPlugin starting post-reload for END.
[02:51:49] [main/DEBUG] [REI] Reloadables (7):
[02:51:49] [main/DEBUG] [REI]  - EntryTypeRegistryImpl
[02:51:49] [main/DEBUG] [REI]  - EntrySettingsAdapterRegistryImpl
[02:51:49] [main/DEBUG] [REI]  - RecipeManagerContextImpl
[02:51:49] [main/DEBUG] [REI]  - ItemComparatorRegistryImpl
[02:51:49] [main/DEBUG] [REI]  - FluidComparatorRegistryImpl
[02:51:49] [main/DEBUG] [REI]  - DisplaySerializerRegistryImpl
[02:51:49] [main/DEBUG] [REI]  - FluidSupportProviderImpl
[02:51:49] [main/DEBUG] [REI] Plugins (3):
[02:51:49] [main/DEBUG] [REI]  - (-100.00) DefaultPlugin of DefaultPlugin [roughlyenoughitems]
[02:51:49] [main/DEBUG] [REI]  - (0.00) FabricFluidAPISupportPlugin
[02:51:49] [main/DEBUG] [REI]  - (0.00) DefaultRuntimePlugin of DefaultRuntimePlugin [roughlyenoughitems]
[02:51:49] [main/DEBUG] [REI] ========================================
[02:51:49] [main/TRACE] [REI] [REIPlugin END] Reloading Section: "post-register/"
[02:51:49] [main/TRACE] [REI] [REIPlugin END] Reloading Section: "post-register/DefaultPlugin of DefaultPlugin [roughlyenoughitems]/"
[02:51:49] [main/TRACE] [REI] [REIPlugin END] Reloading Section: "post-register/DefaultPlugin of DefaultPlugin [roughlyenoughitems]/" done in 42.32 μs
[02:51:49] [main/TRACE] [REI] [REIPlugin END] Reloading Section: "post-register/FabricFluidAPISupportPlugin/"
[02:51:49] [main/TRACE] [REI] [REIPlugin END] Reloading Section: "post-register/FabricFluidAPISupportPlugin/" done in 47.49 μs
[02:51:49] [main/TRACE] [REI] [REIPlugin END] Reloading Section: "post-register/DefaultRuntimePlugin of DefaultRuntimePlugin [roughlyenoughitems]/"
[02:51:49] [main/TRACE] [REI] [REIPlugin END] Reloading Section: "post-register/DefaultRuntimePlugin of DefaultRuntimePlugin [roughlyenoughitems]/" done in 55.29 μs
[02:51:49] [main/TRACE] [REI] [REIPlugin END] Reloading Section: "post-register/" done in 452.8 μs
[02:51:49] [main/TRACE] [REI] [REIPlugin END] Reloading Section: "post-stage/"
[02:51:49] [main/TRACE] [REI] [REIPlugin END] Reloading Section: "post-stage/EntryTypeRegistryImpl/"
[02:51:49] [main/TRACE] [REI] [REIPlugin END] Reloading Section: "post-stage/EntryTypeRegistryImpl/" done in 62.71 μs
[02:51:49] [main/TRACE] [REI] [REIPlugin END] Reloading Section: "post-stage/EntrySettingsAdapterRegistryImpl/"
[02:51:49] [main/TRACE] [REI] [REIPlugin END] Reloading Section: "post-stage/EntrySettingsAdapterRegistryImpl/" done in 33.54 μs
[02:51:49] [main/TRACE] [REI] [REIPlugin END] Reloading Section: "post-stage/RecipeManagerContextImpl/"
[02:51:49] [main/TRACE] [REI] [REIPlugin END] Reloading Section: "post-stage/RecipeManagerContextImpl/" done in 34.04 μs
[02:51:49] [main/TRACE] [REI] [REIPlugin END] Reloading Section: "post-stage/ItemComparatorRegistryImpl/"
[02:51:49] [main/TRACE] [REI] [REIPlugin END] Reloading Section: "post-stage/ItemComparatorRegistryImpl/" done in 31.17 μs
[02:51:49] [main/TRACE] [REI] [REIPlugin END] Reloading Section: "post-stage/FluidComparatorRegistryImpl/"
[02:51:49] [main/TRACE] [REI] [REIPlugin END] Reloading Section: "post-stage/FluidComparatorRegistryImpl/" done in 32.13 μs
[02:51:49] [main/TRACE] [REI] [REIPlugin END] Reloading Section: "post-stage/DisplaySerializerRegistryImpl/"
[02:51:49] [main/TRACE] [REI] [REIPlugin END] Reloading Section: "post-stage/DisplaySerializerRegistryImpl/" done in 33.54 μs
[02:51:49] [main/TRACE] [REI] [REIPlugin END] Reloading Section: "post-stage/FluidSupportProviderImpl/"
[02:51:49] [main/TRACE] [REI] [REIPlugin END] Reloading Section: "post-stage/FluidSupportProviderImpl/" done in 33.39 μs
[02:51:49] [main/TRACE] [REI] [REIPlugin END] Reloading Section: "post-stage/" done in 1.125 ms
[02:51:49] [main/DEBUG] [REI] ========================================
[02:51:49] [main/INFO] [REI] REIPlugin finished post-reload for END in 1.726 ms, totaling 42.25 ms.
[02:51:49] [main/DEBUG] [REI] ========================================
[02:51:49] [main/DEBUG] [REI] ========================================
[02:51:49] [main/DEBUG] [REI] REIServerPlugin starting post-reload for END.
[02:51:49] [main/DEBUG] [REI] Reloadables (2):
[02:51:49] [main/DEBUG] [REI]  - MenuInfoRegistryImpl
[02:51:49] [main/DEBUG] [REI]  - SlotAccessorRegistryImpl
[02:51:49] [main/DEBUG] [REI] Plugins (3):
[02:51:49] [main/DEBUG] [REI]  - (-100.00) DefaultPlugin of DefaultPlugin [roughlyenoughitems]
[02:51:49] [main/DEBUG] [REI]  - (0.00) FabricFluidAPISupportPlugin
[02:51:49] [main/DEBUG] [REI]  - (0.00) DefaultRuntimePlugin of DefaultRuntimePlugin [roughlyenoughitems]
[02:51:49] [main/DEBUG] [REI] ========================================
[02:51:49] [main/TRACE] [REI] [REIServerPlugin END] Reloading Section: "post-register/"
[02:51:49] [main/TRACE] [REI] [REIServerPlugin END] Reloading Section: "post-register/DefaultPlugin of DefaultPlugin [roughlyenoughitems]/"
[02:51:49] [main/TRACE] [REI] [REIServerPlugin END] Reloading Section: "post-register/DefaultPlugin of DefaultPlugin [roughlyenoughitems]/" done in 33.91 μs
[02:51:49] [main/TRACE] [REI] [REIServerPlugin END] Reloading Section: "post-register/FabricFluidAPISupportPlugin/"
[02:51:49] [main/TRACE] [REI] [REIServerPlugin END] Reloading Section: "post-register/FabricFluidAPISupportPlugin/" done in 34.70 μs
[02:51:49] [main/TRACE] [REI] [REIServerPlugin END] Reloading Section: "post-register/DefaultRuntimePlugin of DefaultRuntimePlugin [roughlyenoughitems]/"
[02:51:49] [main/TRACE] [REI] [REIServerPlugin END] Reloading Section: "post-register/DefaultRuntimePlugin of DefaultRuntimePlugin [roughlyenoughitems]/" done in 80.27 μs
[02:51:49] [main/TRACE] [REI] [REIServerPlugin END] Reloading Section: "post-register/" done in 443.7 μs
[02:51:49] [main/TRACE] [REI] [REIServerPlugin END] Reloading Section: "post-stage/"
[02:51:49] [main/TRACE] [REI] [REIServerPlugin END] Reloading Section: "post-stage/MenuInfoRegistryImpl/"
[02:51:49] [main/TRACE] [REI] [REIServerPlugin END] Reloading Section: "post-stage/MenuInfoRegistryImpl/" done in 31.30 μs
[02:51:49] [main/TRACE] [REI] [REIServerPlugin END] Reloading Section: "post-stage/SlotAccessorRegistryImpl/"
[02:51:49] [main/TRACE] [REI] [REIServerPlugin END] Reloading Section: "post-stage/SlotAccessorRegistryImpl/" done in 32.98 μs
[02:51:49] [main/TRACE] [REI] [REIServerPlugin END] Reloading Section: "post-stage/" done in 282.1 μs
[02:51:49] [main/DEBUG] [REI] ========================================
[02:51:49] [main/INFO] [REI] REIServerPlugin finished post-reload for END in 895.7 μs, totaling 8.092 ms.
[02:51:49] [main/DEBUG] [REI] ========================================
